[data Char where,data Double where,type String = ([((Char))]),type FilePath = (String),data Float where,data Handle where,data IO a where,data Integer where,data ShortByteString where,data Word where,data Word16 where,data Word32 where,data Word64 where,data Word8 where]
[data Char where,data Double where,type String = ([((Char))]),type FilePath = (String),data Float where,data Handle where,data IO a where,data Integer where,data ShortByteString where,data Word where,data Word16 where,data Word32 where,data Word64 where,data Word8 where]
["void","Int64","ByteString","_v"]
"unsat for change goal"
"sat"
"unsat for change goal"
"sat"
"unsat for change goal"
"sat"
"unsat for change goal"
"sat"
"unsat for change goal"
"unsat for inc path"
"sat"
"sat"
*******************SOLUTION*********************
SOLUTION: Data.ByteString.Builder.toLazyByteString (Data.ByteString.Builder.int64BE arg0)
************************************************
["void","Word","Word64","Bool","Integer","Word8","Maybe _v1","Int64","ShortByteString","Either _v1 _v2","Int8","Word32","Handle","Int32","Pair _v1 _v2","IO _v1","Unit","Int","Double","Float","Int16","Builder","List _v1","Char","ByteString","Word16","_v"]
"unsat for change goal"
"unsat for inc path"
"sat"
*******************SOLUTION*********************
SOLUTION: Data.ByteString.Builder.toLazyByteString (Data.ByteString.Builder.int64LE arg0)
************************************************
["void","_v"]
"sat"
"sat"
"sat"
"sat"
"sat"
"unsat for inc path"
"sat"
"sat"
"sat"
"sat"
"sat"
"sat"
*******************SOLUTION*********************
SOLUTION: Data.ByteString.Builder.toLazyByteString (Data.ByteString.Builder.int64LE arg0)
************************************************
["void","Int64","ByteString","_v"]
"unsat for change goal"
"sat"
"unsat for change goal"
"sat"
"unsat for change goal"
"sat"
"unsat for change goal"
"sat"
"unsat for change goal"
"unsat for inc path"
"sat"
"sat"
*******************SOLUTION*********************
SOLUTION: Data.ByteString.Builder.toLazyByteString (Data.ByteString.Builder.int64BE arg0)
************************************************
["void","_v"]
"sat"
"sat"
"sat"
"sat"
"sat"
"unsat for inc path"
"sat"
"sat"
"sat"
"sat"
"sat"
"sat"
*******************SOLUTION*********************
SOLUTION: Data.ByteString.Builder.toLazyByteString (Data.ByteString.Builder.int64LE arg0)
************************************************
["void","Int64","ByteString","_v"]
"unsat for change goal"
"sat"
"sat"
"sat"
"sat"
"sat"
"sat"
"sat"
"sat"
"unsat for inc path"
"sat"
*******************SOLUTION*********************
SOLUTION: Data.ByteString.Lazy.drop arg0 Data.ByteString.Lazy.empty
************************************************
["void","Bool","List Maybe Bool","_v"]
"sat"
*******************SOLUTION*********************
SOLUTION: GHC.List.null arg0
************************************************
["void","Word","Word64","Bool","Integer","Word8","Maybe _v1","Int64","ShortByteString","Either _v1 _v2","Int8","Word32","Handle","Int32","Pair _v1 _v2","IO _v1","Unit","Int","Double","Float","Int16","Builder","List _v1","Char","ByteString","Word16","_v"]
"sat"
*******************SOLUTION*********************
SOLUTION: GHC.List.null arg0
************************************************
["void","_v"]
"sat"
"sat"
"sat"
*******************SOLUTION*********************
SOLUTION: GHC.List.null arg0
************************************************
["void","Bool","List Maybe Bool","_v"]
"sat"
*******************SOLUTION*********************
SOLUTION: GHC.List.null arg0
************************************************
["void","_v"]
"sat"
"sat"
"sat"
*******************SOLUTION*********************
SOLUTION: GHC.List.null arg0
************************************************
["void","Bool","List Maybe Bool","_v"]
"sat"
*******************SOLUTION*********************
SOLUTION: GHC.List.null arg0
************************************************
["void","a","List Maybe a","_v"]
"unsat for change goal"
"sat"
"unsat for change goal"
"unsat for inc path"
"sat"
"sat"
"sat"
"sat"
"sat"
"sat"
"sat"
"unsat for change goal"
"sat"
"unsat for change goal"
"unsat for inc path"
"sat"
"sat"
"sat"
"sat"
*******************SOLUTION*********************
SOLUTION: Data.Maybe.fromMaybe arg1 (Data.Maybe.listToMaybe (Data.Maybe.catMaybes arg0))
************************************************
["void","Word","Word64","Bool","Integer","Word8","Maybe _v1","Int64","ShortByteString","Either _v1 _v2","Int8","Word32","Handle","Int32","Pair _v1 _v2","IO _v1","Unit","a","Int","Double","Float","Int16","Builder","List _v1","Char","ByteString","Word16","_v"]
"unsat for change goal"
"unsat for inc path"
"sat"
"sat"
"sat"
"unsat for change goal"
"unsat for inc path"
"sat"
"sat"
"sat"
"sat"
"sat"
"sat"
"sat"
"sat"
*******************SOLUTION*********************
SOLUTION: Data.Bool.bool arg1 arg1 (GHC.List.null arg0)
************************************************
["void","_v"]
"sat"
"sat"
"unsat for change goal"
"sat"
"unsat for change goal"
"sat"
"unsat for change goal"
"unsat for inc path"
"sat"
"sat"
"sat"
"sat"
"sat"
"sat"
"unsat for change goal"
"sat"
"unsat for change goal"
"sat"
"unsat for change goal"
"sat"
"unsat for change goal"
"unsat for inc path"
"sat"
"sat"
*******************SOLUTION*********************
SOLUTION: Data.Bool.bool arg1 arg1 (GHC.List.null arg0)
************************************************
["void","a","List Maybe a","_v"]
"unsat for change goal"
"sat"
"unsat for change goal"
"unsat for inc path"
"sat"
"sat"
"sat"
"sat"
"sat"
"sat"
"sat"
"unsat for change goal"
"sat"
"sat"
"sat"
"sat"
"sat"
"sat"
"sat"
"sat"
"unsat for inc path"
"sat"
"sat"
"sat"
"sat"
"sat"
"sat"
"sat"
"sat"
"sat"
"sat"
"sat"
"sat"
"sat"
"sat"
"sat"
"sat"
"sat"
"sat"
"sat"
"sat"
"sat"
"sat"
"sat"
"sat"
*******************SOLUTION*********************
SOLUTION: Data.Bool.bool arg1 arg1 (GHC.List.null arg0)
************************************************
["void","_v"]
"sat"
"sat"
"unsat for change goal"
"sat"
"unsat for change goal"
"sat"
"unsat for change goal"
"unsat for inc path"
"sat"
"sat"
"sat"
"sat"
"sat"
"sat"
"sat"
"unsat for change goal"
"sat"
"sat"
"sat"
"sat"
"sat"
"sat"
"sat"
"sat"
"sat"
"sat"
"sat"
"sat"
"unsat for inc path"
"sat"
"sat"
"sat"
"sat"
"sat"
"sat"
*******************SOLUTION*********************
SOLUTION: Data.Bool.bool arg1 arg1 (GHC.List.null arg0)
************************************************
["void","a","List Maybe a","_v"]
"unsat for change goal"
"sat"
"sat"
"unsat for inc path"
"sat"
"sat"
"sat"
"sat"
"sat"
"sat"
"sat"
"sat"
"sat"
"unsat for change goal"
"sat"
"sat"
"sat"
"sat"
"sat"
"sat"
"sat"
"sat"
"sat"
"sat"
"sat"
"sat"
"sat"
"sat"
"sat"
"sat"
"sat"
"sat"
"sat"
"sat"
"sat"
"sat"
"sat"
"sat"
"sat"
"sat"
"sat"
"sat"
"sat"
"sat"
"sat"
"sat"
"sat"
"sat"
"sat"
"sat"
"sat"
"sat"
"sat"
"sat"
"sat"
"sat"
"sat"
"sat"
"sat"
"sat"
"sat"
"sat"
"sat"
"sat"
"sat"
"sat"
"sat"
"sat"
"sat"
"sat"
"sat"
"sat"
"sat"
"sat"
"sat"
"sat"
"sat"
"sat"
"sat"
"sat"
"sat"
"sat"
"sat"
"sat"
"sat"
"sat"
"sat"
"sat"
"sat"
"sat"
"sat"
"sat"
"sat"
"sat"
"sat"
"sat"
"sat"
"sat"
"sat"
"sat"
"sat"
"sat"
"sat"
"sat"
"sat"
"sat"
"sat"
"sat"
"sat"
"sat"
"sat"
"sat"
"sat"
"sat"
"sat"
"sat"
"sat"
"sat"
"sat"
"sat"
"sat"
"sat"
"sat"
"sat"
"sat"
"sat"
"sat"
"sat"
"sat"
"sat"
"sat"
"sat"
"sat"
"sat"
"sat"
"sat"
"sat"
"sat"
"sat"
"sat"
"sat"
"sat"
"sat"
"sat"
"unsat for inc path"
"sat"
"sat"
"sat"
"sat"
"sat"
"sat"
"sat"
"sat"
"sat"
"sat"
"sat"
"sat"
"sat"
*******************SOLUTION*********************
SOLUTION: Data.Bool.bool arg1 arg1 (GHC.List.null arg0)
************************************************
["void","Pair a a","a","Pair b b","b","_v"]
"unsat for change goal"
"unsat for inc path"
"unsat for change goal"
"unsat for inc path"
"unsat for change goal"
"sat"
"unsat for change goal"
"sat"
"unsat for change goal"
"sat"
"unsat for change goal"
"sat"
"unsat for change goal"
"sat"
"unsat for change goal"
"sat"
"unsat for change goal"
"sat"
"unsat for change goal"
"sat"
"unsat for change goal"
"unsat for inc path"
"sat"
*******************SOLUTION*********************
SOLUTION: (,) (arg0 (fst arg1)) (arg0 (snd arg1))
***********************************